<?xml version="1.0" encoding="UTF-8"?>
<!-- Generated by org.testng.reporters.JUnitXMLReporter -->
<testsuite ignored="0" hostname="DESKTOP-5EVK54D" failures="2" tests="3" name="Amazon Test" time="42.511" errors="0" timestamp="2022-08-03T09:54:12 IST">
  <testcase classname="testngdiscussion.AmazonListenersTest" name="navToURL" time="10.632">
    <failure type="java.lang.AssertionError" message="null">
      <![CDATA[java.lang.AssertionError: null
at testngdiscussion.AmazonListenersTest.navToURL(AmazonListenersTest.java:34)
at java.base/java.util.ArrayList.forEach(ArrayList.java:1511)
... Removed 29 stack frames]]>
    </failure>
  </testcase> <!-- navToURL -->
  <testcase classname="testngdiscussion.AmazonListenersTest" name="searchTest" time="5.676">
    <failure type="java.lang.AssertionError" message="expected [Amazon.in : mobilephone] but found [Amazon.in : mobile phone]">
      <![CDATA[java.lang.AssertionError: expected [Amazon.in : mobilephone] but found [Amazon.in : mobile phone]
at testngdiscussion.AmazonListenersTest.searchTest(AmazonListenersTest.java:49)
at java.base/java.util.ArrayList.forEach(ArrayList.java:1511)
... Removed 33 stack frames]]>
    </failure>
  </testcase> <!-- searchTest -->
  <testcase classname="testngdiscussion.AmazonListenersTest" name="clickOnProductAndAdd" time="21.509"/>
</testsuite> <!-- Amazon Test -->
